[2024-12-17 01:22:16] local.ERROR: SQLSTATE[HY000] [2002] Connection refused (Connection: mysql, SQL: select exists (select 1 from information_schema.tables where table_schema = '301_backend' and table_name = 'migrations' and table_type in ('BASE TABLE', 'SYSTEM VERSIONED')) as `exists`) {"exception":"[object] (Illuminate\\Database\\QueryException(code: 2002): SQLSTATE[HY000] [2002] Connection refused (Connection: mysql, SQL: select exists (select 1 from information_schema.tables where table_schema = '301_backend' and table_name = 'migrations' and table_type in ('BASE TABLE', 'SYSTEM VERSIONED')) as `exists`) at /mnt/c/Users/athkr/Documents/Coding/Laravel/301_backend/vendor/laravel/framework/src/Illuminate/Database/Connection.php:825)
[stacktrace]
#0 /mnt/c/Users/athkr/Documents/Coding/Laravel/301_backend/vendor/laravel/framework/src/Illuminate/Database/Connection.php(979): Illuminate\\Database\\Connection->runQueryCallback()
#1 /mnt/c/Users/athkr/Documents/Coding/Laravel/301_backend/vendor/laravel/framework/src/Illuminate/Database/Connection.php(958): Illuminate\\Database\\Connection->tryAgainIfCausedByLostConnection()
#2 /mnt/c/Users/athkr/Documents/Coding/Laravel/301_backend/vendor/laravel/framework/src/Illuminate/Database/Connection.php(781): Illuminate\\Database\\Connection->handleQueryException()
#3 /mnt/c/Users/athkr/Documents/Coding/Laravel/301_backend/vendor/laravel/framework/src/Illuminate/Database/Connection.php(398): Illuminate\\Database\\Connection->run()
#4 /mnt/c/Users/athkr/Documents/Coding/Laravel/301_backend/vendor/laravel/framework/src/Illuminate/Database/Connection.php(344): Illuminate\\Database\\Connection->select()
#5 /mnt/c/Users/athkr/Documents/Coding/Laravel/301_backend/vendor/laravel/framework/src/Illuminate/Database/Connection.php(361): Illuminate\\Database\\Connection->selectOne()
#6 /mnt/c/Users/athkr/Documents/Coding/Laravel/301_backend/vendor/laravel/framework/src/Illuminate/Database/Schema/MySqlBuilder.php(45): Illuminate\\Database\\Connection->scalar()
#7 /mnt/c/Users/athkr/Documents/Coding/Laravel/301_backend/vendor/laravel/framework/src/Illuminate/Database/Migrations/DatabaseMigrationRepository.php(184): Illuminate\\Database\\Schema\\MySqlBuilder->hasTable()
#8 /mnt/c/Users/athkr/Documents/Coding/Laravel/301_backend/vendor/laravel/framework/src/Illuminate/Database/Migrations/Migrator.php(680): Illuminate\\Database\\Migrations\\DatabaseMigrationRepository->repositoryExists()
#9 /mnt/c/Users/athkr/Documents/Coding/Laravel/301_backend/vendor/laravel/framework/src/Illuminate/Database/Console/Migrations/MigrateCommand.php(164): Illuminate\\Database\\Migrations\\Migrator->repositoryExists()
#10 /mnt/c/Users/athkr/Documents/Coding/Laravel/301_backend/vendor/laravel/framework/src/Illuminate/Support/helpers.php(319): Illuminate\\Database\\Console\\Migrations\\MigrateCommand->Illuminate\\Database\\Console\\Migrations\\{closure}()
#11 /mnt/c/Users/athkr/Documents/Coding/Laravel/301_backend/vendor/laravel/framework/src/Illuminate/Database/Console/Migrations/MigrateCommand.php(164): retry()
#12 /mnt/c/Users/athkr/Documents/Coding/Laravel/301_backend/vendor/laravel/framework/src/Illuminate/Database/Console/Migrations/MigrateCommand.php(140): Illuminate\\Database\\Console\\Migrations\\MigrateCommand->repositoryExists()
#13 /mnt/c/Users/athkr/Documents/Coding/Laravel/301_backend/vendor/laravel/framework/src/Illuminate/Database/Console/Migrations/MigrateCommand.php(110): Illuminate\\Database\\Console\\Migrations\\MigrateCommand->prepareDatabase()
#14 /mnt/c/Users/athkr/Documents/Coding/Laravel/301_backend/vendor/laravel/framework/src/Illuminate/Database/Migrations/Migrator.php(615): Illuminate\\Database\\Console\\Migrations\\MigrateCommand->Illuminate\\Database\\Console\\Migrations\\{closure}()
#15 /mnt/c/Users/athkr/Documents/Coding/Laravel/301_backend/vendor/laravel/framework/src/Illuminate/Database/Console/Migrations/MigrateCommand.php(109): Illuminate\\Database\\Migrations\\Migrator->usingConnection()
#16 /mnt/c/Users/athkr/Documents/Coding/Laravel/301_backend/vendor/laravel/framework/src/Illuminate/Database/Console/Migrations/MigrateCommand.php(88): Illuminate\\Database\\Console\\Migrations\\MigrateCommand->runMigrations()
#17 /mnt/c/Users/athkr/Documents/Coding/Laravel/301_backend/vendor/laravel/framework/src/Illuminate/Container/BoundMethod.php(36): Illuminate\\Database\\Console\\Migrations\\MigrateCommand->handle()
#18 /mnt/c/Users/athkr/Documents/Coding/Laravel/301_backend/vendor/laravel/framework/src/Illuminate/Container/Util.php(43): Illuminate\\Container\\BoundMethod::Illuminate\\Container\\{closure}()
#19 /mnt/c/Users/athkr/Documents/Coding/Laravel/301_backend/vendor/laravel/framework/src/Illuminate/Container/BoundMethod.php(95): Illuminate\\Container\\Util::unwrapIfClosure()
#20 /mnt/c/Users/athkr/Documents/Coding/Laravel/301_backend/vendor/laravel/framework/src/Illuminate/Container/BoundMethod.php(35): Illuminate\\Container\\BoundMethod::callBoundMethod()
#21 /mnt/c/Users/athkr/Documents/Coding/Laravel/301_backend/vendor/laravel/framework/src/Illuminate/Container/Container.php(690): Illuminate\\Container\\BoundMethod::call()
#22 /mnt/c/Users/athkr/Documents/Coding/Laravel/301_backend/vendor/laravel/framework/src/Illuminate/Console/Command.php(213): Illuminate\\Container\\Container->call()
#23 /mnt/c/Users/athkr/Documents/Coding/Laravel/301_backend/vendor/symfony/console/Command/Command.php(279): Illuminate\\Console\\Command->execute()
#24 /mnt/c/Users/athkr/Documents/Coding/Laravel/301_backend/vendor/laravel/framework/src/Illuminate/Console/Command.php(182): Symfony\\Component\\Console\\Command\\Command->run()
#25 /mnt/c/Users/athkr/Documents/Coding/Laravel/301_backend/vendor/symfony/console/Application.php(1047): Illuminate\\Console\\Command->run()
#26 /mnt/c/Users/athkr/Documents/Coding/Laravel/301_backend/vendor/symfony/console/Application.php(316): Symfony\\Component\\Console\\Application->doRunCommand()
#27 /mnt/c/Users/athkr/Documents/Coding/Laravel/301_backend/vendor/symfony/console/Application.php(167): Symfony\\Component\\Console\\Application->doRun()
#28 /mnt/c/Users/athkr/Documents/Coding/Laravel/301_backend/vendor/laravel/framework/src/Illuminate/Foundation/Console/Kernel.php(197): Symfony\\Component\\Console\\Application->run()
#29 /mnt/c/Users/athkr/Documents/Coding/Laravel/301_backend/vendor/laravel/framework/src/Illuminate/Foundation/Application.php(1203): Illuminate\\Foundation\\Console\\Kernel->handle()
#30 /mnt/c/Users/athkr/Documents/Coding/Laravel/301_backend/artisan(13): Illuminate\\Foundation\\Application->handleCommand()
#31 {main}

[previous exception] [object] (PDOException(code: 2002): SQLSTATE[HY000] [2002] Connection refused at /mnt/c/Users/athkr/Documents/Coding/Laravel/301_backend/vendor/laravel/framework/src/Illuminate/Database/Connectors/Connector.php:66)
[stacktrace]
#0 /mnt/c/Users/athkr/Documents/Coding/Laravel/301_backend/vendor/laravel/framework/src/Illuminate/Database/Connectors/Connector.php(66): PDO->__construct()
#1 /mnt/c/Users/athkr/Documents/Coding/Laravel/301_backend/vendor/laravel/framework/src/Illuminate/Database/Connectors/Connector.php(85): Illuminate\\Database\\Connectors\\Connector->createPdoConnection()
#2 /mnt/c/Users/athkr/Documents/Coding/Laravel/301_backend/vendor/laravel/framework/src/Illuminate/Database/Connectors/Connector.php(48): Illuminate\\Database\\Connectors\\Connector->tryAgainIfCausedByLostConnection()
#3 /mnt/c/Users/athkr/Documents/Coding/Laravel/301_backend/vendor/laravel/framework/src/Illuminate/Database/Connectors/MySqlConnector.php(24): Illuminate\\Database\\Connectors\\Connector->createConnection()
#4 /mnt/c/Users/athkr/Documents/Coding/Laravel/301_backend/vendor/laravel/framework/src/Illuminate/Database/Connectors/ConnectionFactory.php(185): Illuminate\\Database\\Connectors\\MySqlConnector->connect()
#5 [internal function]: Illuminate\\Database\\Connectors\\ConnectionFactory->Illuminate\\Database\\Connectors\\{closure}()
#6 /mnt/c/Users/athkr/Documents/Coding/Laravel/301_backend/vendor/laravel/framework/src/Illuminate/Database/Connection.php(1231): call_user_func()
#7 /mnt/c/Users/athkr/Documents/Coding/Laravel/301_backend/vendor/laravel/framework/src/Illuminate/Database/Connection.php(1267): Illuminate\\Database\\Connection->getPdo()
#8 /mnt/c/Users/athkr/Documents/Coding/Laravel/301_backend/vendor/laravel/framework/src/Illuminate/Database/Connection.php(512): Illuminate\\Database\\Connection->getReadPdo()
#9 /mnt/c/Users/athkr/Documents/Coding/Laravel/301_backend/vendor/laravel/framework/src/Illuminate/Database/Connection.php(407): Illuminate\\Database\\Connection->getPdoForSelect()
#10 /mnt/c/Users/athkr/Documents/Coding/Laravel/301_backend/vendor/laravel/framework/src/Illuminate/Database/Connection.php(812): Illuminate\\Database\\Connection->Illuminate\\Database\\{closure}()
#11 /mnt/c/Users/athkr/Documents/Coding/Laravel/301_backend/vendor/laravel/framework/src/Illuminate/Database/Connection.php(979): Illuminate\\Database\\Connection->runQueryCallback()
#12 /mnt/c/Users/athkr/Documents/Coding/Laravel/301_backend/vendor/laravel/framework/src/Illuminate/Database/Connection.php(958): Illuminate\\Database\\Connection->tryAgainIfCausedByLostConnection()
#13 /mnt/c/Users/athkr/Documents/Coding/Laravel/301_backend/vendor/laravel/framework/src/Illuminate/Database/Connection.php(781): Illuminate\\Database\\Connection->handleQueryException()
#14 /mnt/c/Users/athkr/Documents/Coding/Laravel/301_backend/vendor/laravel/framework/src/Illuminate/Database/Connection.php(398): Illuminate\\Database\\Connection->run()
#15 /mnt/c/Users/athkr/Documents/Coding/Laravel/301_backend/vendor/laravel/framework/src/Illuminate/Database/Connection.php(344): Illuminate\\Database\\Connection->select()
#16 /mnt/c/Users/athkr/Documents/Coding/Laravel/301_backend/vendor/laravel/framework/src/Illuminate/Database/Connection.php(361): Illuminate\\Database\\Connection->selectOne()
#17 /mnt/c/Users/athkr/Documents/Coding/Laravel/301_backend/vendor/laravel/framework/src/Illuminate/Database/Schema/MySqlBuilder.php(45): Illuminate\\Database\\Connection->scalar()
#18 /mnt/c/Users/athkr/Documents/Coding/Laravel/301_backend/vendor/laravel/framework/src/Illuminate/Database/Migrations/DatabaseMigrationRepository.php(184): Illuminate\\Database\\Schema\\MySqlBuilder->hasTable()
#19 /mnt/c/Users/athkr/Documents/Coding/Laravel/301_backend/vendor/laravel/framework/src/Illuminate/Database/Migrations/Migrator.php(680): Illuminate\\Database\\Migrations\\DatabaseMigrationRepository->repositoryExists()
#20 /mnt/c/Users/athkr/Documents/Coding/Laravel/301_backend/vendor/laravel/framework/src/Illuminate/Database/Console/Migrations/MigrateCommand.php(164): Illuminate\\Database\\Migrations\\Migrator->repositoryExists()
#21 /mnt/c/Users/athkr/Documents/Coding/Laravel/301_backend/vendor/laravel/framework/src/Illuminate/Support/helpers.php(319): Illuminate\\Database\\Console\\Migrations\\MigrateCommand->Illuminate\\Database\\Console\\Migrations\\{closure}()
#22 /mnt/c/Users/athkr/Documents/Coding/Laravel/301_backend/vendor/laravel/framework/src/Illuminate/Database/Console/Migrations/MigrateCommand.php(164): retry()
#23 /mnt/c/Users/athkr/Documents/Coding/Laravel/301_backend/vendor/laravel/framework/src/Illuminate/Database/Console/Migrations/MigrateCommand.php(140): Illuminate\\Database\\Console\\Migrations\\MigrateCommand->repositoryExists()
#24 /mnt/c/Users/athkr/Documents/Coding/Laravel/301_backend/vendor/laravel/framework/src/Illuminate/Database/Console/Migrations/MigrateCommand.php(110): Illuminate\\Database\\Console\\Migrations\\MigrateCommand->prepareDatabase()
#25 /mnt/c/Users/athkr/Documents/Coding/Laravel/301_backend/vendor/laravel/framework/src/Illuminate/Database/Migrations/Migrator.php(615): Illuminate\\Database\\Console\\Migrations\\MigrateCommand->Illuminate\\Database\\Console\\Migrations\\{closure}()
#26 /mnt/c/Users/athkr/Documents/Coding/Laravel/301_backend/vendor/laravel/framework/src/Illuminate/Database/Console/Migrations/MigrateCommand.php(109): Illuminate\\Database\\Migrations\\Migrator->usingConnection()
#27 /mnt/c/Users/athkr/Documents/Coding/Laravel/301_backend/vendor/laravel/framework/src/Illuminate/Database/Console/Migrations/MigrateCommand.php(88): Illuminate\\Database\\Console\\Migrations\\MigrateCommand->runMigrations()
#28 /mnt/c/Users/athkr/Documents/Coding/Laravel/301_backend/vendor/laravel/framework/src/Illuminate/Container/BoundMethod.php(36): Illuminate\\Database\\Console\\Migrations\\MigrateCommand->handle()
#29 /mnt/c/Users/athkr/Documents/Coding/Laravel/301_backend/vendor/laravel/framework/src/Illuminate/Container/Util.php(43): Illuminate\\Container\\BoundMethod::Illuminate\\Container\\{closure}()
#30 /mnt/c/Users/athkr/Documents/Coding/Laravel/301_backend/vendor/laravel/framework/src/Illuminate/Container/BoundMethod.php(95): Illuminate\\Container\\Util::unwrapIfClosure()
#31 /mnt/c/Users/athkr/Documents/Coding/Laravel/301_backend/vendor/laravel/framework/src/Illuminate/Container/BoundMethod.php(35): Illuminate\\Container\\BoundMethod::callBoundMethod()
#32 /mnt/c/Users/athkr/Documents/Coding/Laravel/301_backend/vendor/laravel/framework/src/Illuminate/Container/Container.php(690): Illuminate\\Container\\BoundMethod::call()
#33 /mnt/c/Users/athkr/Documents/Coding/Laravel/301_backend/vendor/laravel/framework/src/Illuminate/Console/Command.php(213): Illuminate\\Container\\Container->call()
#34 /mnt/c/Users/athkr/Documents/Coding/Laravel/301_backend/vendor/symfony/console/Command/Command.php(279): Illuminate\\Console\\Command->execute()
#35 /mnt/c/Users/athkr/Documents/Coding/Laravel/301_backend/vendor/laravel/framework/src/Illuminate/Console/Command.php(182): Symfony\\Component\\Console\\Command\\Command->run()
#36 /mnt/c/Users/athkr/Documents/Coding/Laravel/301_backend/vendor/symfony/console/Application.php(1047): Illuminate\\Console\\Command->run()
#37 /mnt/c/Users/athkr/Documents/Coding/Laravel/301_backend/vendor/symfony/console/Application.php(316): Symfony\\Component\\Console\\Application->doRunCommand()
#38 /mnt/c/Users/athkr/Documents/Coding/Laravel/301_backend/vendor/symfony/console/Application.php(167): Symfony\\Component\\Console\\Application->doRun()
#39 /mnt/c/Users/athkr/Documents/Coding/Laravel/301_backend/vendor/laravel/framework/src/Illuminate/Foundation/Console/Kernel.php(197): Symfony\\Component\\Console\\Application->run()
#40 /mnt/c/Users/athkr/Documents/Coding/Laravel/301_backend/vendor/laravel/framework/src/Illuminate/Foundation/Application.php(1203): Illuminate\\Foundation\\Console\\Kernel->handle()
#41 /mnt/c/Users/athkr/Documents/Coding/Laravel/301_backend/artisan(13): Illuminate\\Foundation\\Application->handleCommand()
#42 {main}
"} 
